{"contracts/TradingBot.sol":{"l":{"30":3,"31":3,"34":3,"35":3,"37":3,"42":4,"45":4,"47":2,"48":2,"52":2,"54":2,"69":2,"78":2,"79":1,"82":1,"84":1,"93":2,"94":2,"101":2,"102":2,"107":3,"111":1,"115":1,"119":1,"123":2},"path":"/Users/marcogianelli/projects/truflation_trading_bot/contracts/TradingBot.sol","s":{"1":4,"2":4,"3":2,"4":2,"5":2,"6":2,"7":2,"8":2,"9":2,"10":2,"11":2,"12":3,"13":1,"14":1,"15":1,"16":2},"b":{"1":[2,2],"2":[1,1]},"f":{"1":3,"2":4,"3":2,"4":2,"5":2,"6":2,"7":3,"8":1,"9":1,"10":1,"11":2},"fnMap":{"1":{"name":"constructor","line":24,"loc":{"start":{"line":24,"column":4},"end":{"line":38,"column":4}}},"2":{"name":"checkConditions","line":41,"loc":{"start":{"line":41,"column":4},"end":{"line":56,"column":4}}},"3":{"name":"checkUpkeep","line":58,"loc":{"start":{"line":58,"column":4},"end":{"line":72,"column":4}}},"4":{"name":"performUpkeep","line":74,"loc":{"start":{"line":74,"column":4},"end":{"line":87,"column":4}}},"5":{"name":"requestInflationData","line":90,"loc":{"start":{"line":90,"column":4},"end":{"line":95,"column":4}}},"6":{"name":"requestConsumerSentimentData","line":98,"loc":{"start":{"line":98,"column":4},"end":{"line":103,"column":4}}},"7":{"name":"getCounter","line":106,"loc":{"start":{"line":106,"column":4},"end":{"line":108,"column":4}}},"8":{"name":"getInterval","line":110,"loc":{"start":{"line":110,"column":4},"end":{"line":112,"column":4}}},"9":{"name":"getTruflationOracleFee","line":114,"loc":{"start":{"line":114,"column":4},"end":{"line":116,"column":4}}},"10":{"name":"getTruflationOracleJobId","line":118,"loc":{"start":{"line":118,"column":4},"end":{"line":120,"column":4}}},"11":{"name":"getLastTimeStamp","line":122,"loc":{"start":{"line":122,"column":4},"end":{"line":124,"column":4}}}},"statementMap":{"1":{"start":{"line":42,"column":8},"end":{"line":42,"column":81}},"2":{"start":{"line":45,"column":8},"end":{"line":45,"column":1514}},"3":{"start":{"line":47,"column":12},"end":{"line":47,"column":57}},"4":{"start":{"line":48,"column":12},"end":{"line":48,"column":70}},"5":{"start":{"line":52,"column":12},"end":{"line":52,"column":58}},"6":{"start":{"line":54,"column":12},"end":{"line":54,"column":26}},"7":{"start":{"line":78,"column":8},"end":{"line":78,"column":2538}},"8":{"start":{"line":93,"column":8},"end":{"line":93,"column":23}},"9":{"start":{"line":94,"column":8},"end":{"line":94,"column":18}},"10":{"start":{"line":101,"column":8},"end":{"line":101,"column":23}},"11":{"start":{"line":102,"column":8},"end":{"line":102,"column":18}},"12":{"start":{"line":107,"column":8},"end":{"line":107,"column":24}},"13":{"start":{"line":111,"column":8},"end":{"line":111,"column":25}},"14":{"start":{"line":115,"column":8},"end":{"line":115,"column":36}},"15":{"start":{"line":119,"column":8},"end":{"line":119,"column":38}},"16":{"start":{"line":123,"column":8},"end":{"line":123,"column":30}}},"branchMap":{"1":{"line":45,"type":"if","locations":[{"start":{"line":45,"column":8},"end":{"line":45,"column":8}},{"start":{"line":45,"column":8},"end":{"line":45,"column":8}}]},"2":{"line":78,"type":"if","locations":[{"start":{"line":78,"column":8},"end":{"line":78,"column":8}},{"start":{"line":78,"column":8},"end":{"line":78,"column":8}}]}}}}